<?xml version="1.0" encoding="UTF-8"?>
<!-- Generated by org.testng.reporters.JUnitReportReporter -->
<testsuite hostname="LAPTOP-OAS0AT24" failures="0" tests="3" name="Testsuite1.Module2" time="0.029" errors="0" timestamp="2022-12-16T14:47:23 CST" skipped="0">
  <testcase classname="Testsuite1.Module2" name="test001" time="0.017"/>
  <system-out/>
  <testcase classname="Testsuite1.Module2" name="test002" time="0.002"/>
  <system-out/>
  <testcase classname="Testsuite1.Module2" name="test003" time="0.010"/>
  <system-out/>
</testsuite> <!-- Testsuite1.Module2 -->
