<?xml version="1.0" encoding="UTF-8"?>
<!-- Generated by org.testng.reporters.JUnitReportReporter -->
<testsuite hostname="LAPTOP-OAS0AT24" failures="0" tests="3" name="Testsuite1.Module1" time="0.017" errors="0" timestamp="2022-12-16T14:47:23 CST" skipped="0">
  <testcase classname="Testsuite1.Module1" name="test002" time="0.007"/>
  <system-out/>
  <testcase classname="Testsuite1.Module1" name="test003" time="0.006"/>
  <system-out/>
  <testcase classname="Testsuite1.Module1" name="test001" time="0.004"/>
  <system-out/>
</testsuite> <!-- Testsuite1.Module1 -->
