<?xml version="1.0" encoding="UTF-8"?>
<!-- Generated by org.testng.reporters.JUnitReportReporter -->
<testsuite hostname="LAPTOP-OAS0AT24" failures="0" tests="1" name="Com.test.TestNGBasics" time="0.010" errors="0" timestamp="2022-12-16T12:04:28 CST" skipped="0">
  <testcase classname="Com.test.TestNGBasics" name="googleTitleTest" time="0.010"/>
  <system-out/>
</testsuite> <!-- Com.test.TestNGBasics -->
